<?xml version="1.0" encoding="UTF-8"?>
<!-- Generated by org.testng.reporters.JUnitReportReporter -->
<testsuite skipped="0" hostname="DESKTOP-M0RCAUK" name="tests.LoginTest" tests="1" failures="0" timestamp="03 Nov 2020 02:35:43 GMT" time="12.296" errors="0">
  <testcase name="loginToHotel" time="12.296" classname="tests.LoginTest"/>
</testsuite> <!-- tests.LoginTest -->
